Using pre-set license
Built from '2022.1/staging' branch; Version is '2022.1.5f1 (feea5ec8f162) revision 16706142'; Using compiler version '192829333'; Build Type 'Release'
OS: 'Windows 11  (10.0.22622) 64bit CoreSingleLanguage' Language: 'en' Physical Memory: 8029 MB
BatchMode: 1, IsHumanControllingUs: 0, StartBugReporterOnCrash: 0, Is64bit: 1, IsPro: 1

COMMAND LINE ARGUMENTS:
C:\Program Files\Unity 2022.1.5f1\Editor\Unity.exe
-adb2
-batchMode
-noUpm
-name
AssetImportWorker2
-projectPath
D:/Game Data/Army Simulation Program
-logFile
Logs/AssetImportWorker2.log
-srvPort
51516
Successfully changed project path to: D:/Game Data/Army Simulation Program
D:/Game Data/Army Simulation Program
[UnityMemory] Configuration Parameters - Can be set up in boot.config
    "memorysetup-bucket-allocator-granularity=16"
    "memorysetup-bucket-allocator-bucket-count=8"
    "memorysetup-bucket-allocator-block-size=33554432"
    "memorysetup-bucket-allocator-block-count=8"
    "memorysetup-main-allocator-block-size=16777216"
    "memorysetup-thread-allocator-block-size=16777216"
    "memorysetup-gfx-main-allocator-block-size=16777216"
    "memorysetup-gfx-thread-allocator-block-size=16777216"
    "memorysetup-cache-allocator-block-size=4194304"
    "memorysetup-typetree-allocator-block-size=2097152"
    "memorysetup-profiler-bucket-allocator-granularity=16"
    "memorysetup-profiler-bucket-allocator-bucket-count=8"
    "memorysetup-profiler-bucket-allocator-block-size=33554432"
    "memorysetup-profiler-bucket-allocator-block-count=8"
    "memorysetup-profiler-allocator-block-size=16777216"
    "memorysetup-profiler-editor-allocator-block-size=1048576"
    "memorysetup-temp-allocator-size-main=16777216"
    "memorysetup-job-temp-allocator-block-size=2097152"
    "memorysetup-job-temp-allocator-block-size-background=1048576"
    "memorysetup-job-temp-allocator-reduction-small-platforms=262144"
    "memorysetup-temp-allocator-size-background-worker=32768"
    "memorysetup-temp-allocator-size-job-worker=262144"
    "memorysetup-temp-allocator-size-preload-manager=33554432"
    "memorysetup-temp-allocator-size-nav-mesh-worker=65536"
    "memorysetup-temp-allocator-size-audio-worker=65536"
    "memorysetup-temp-allocator-size-cloud-worker=32768"
    "memorysetup-temp-allocator-size-gi-baking-worker=262144"
    "memorysetup-temp-allocator-size-gfx=262144"
Refreshing native plugins compatible for Editor in 147.16 ms, found 3 plugins.
Preloading 0 native plugins for Editor in 0.00 ms.
Initialize engine version: 2022.1.5f1 (feea5ec8f162)
[Subsystems] Discovering subsystems at path C:/Program Files/Unity 2022.1.5f1/Editor/Data/Resources/UnitySubsystems
[Subsystems] Discovering subsystems at path D:/Game Data/Army Simulation Program/Assets
GfxDevice: creating device client; threaded=0; jobified=0
Direct3D:
    Version:  Direct3D 11.0 [level 11.1]
    Renderer: NVIDIA GeForce GTX 1650 (ID=0x1f99)
    Vendor:   NVIDIA
    VRAM:     3962 MB
    Driver:   31.0.15.1640
Initialize mono
Mono path[0] = 'C:/Program Files/Unity 2022.1.5f1/Editor/Data/Managed'
Mono path[1] = 'C:/Program Files/Unity 2022.1.5f1/Editor/Data/MonoBleedingEdge/lib/mono/unityjit-win32'
Mono config path = 'C:/Program Files/Unity 2022.1.5f1/Editor/Data/MonoBleedingEdge/etc'
Using monoOptions --debugger-agent=transport=dt_socket,embedding=1,server=y,suspend=n,address=127.0.0.1:56140
Begin MonoManager ReloadAssembly
Registering precompiled unity dll's ...
Register platform support module: C:/Program Files/Unity 2022.1.5f1/Editor/Data/PlaybackEngines/AndroidPlayer/UnityEditor.Android.Extensions.dll
Register platform support module: C:/Program Files/Unity 2022.1.5f1/Editor/Data/PlaybackEngines/iOSSupport/UnityEditor.iOS.Extensions.dll
Register platform support module: C:/Program Files/Unity 2022.1.5f1/Editor/Data/PlaybackEngines/WindowsStandaloneSupport/UnityEditor.WindowsStandalone.Extensions.dll
Registered in 0.007487 seconds.
Native extension for WindowsStandalone target not found
[usbmuxd] Start listen thread
[usbmuxd] Listen thread started
Native extension for iOS target not found
Native extension for Android target not found
Refreshing native plugins compatible for Editor in 129.01 ms, found 3 plugins.
Preloading 0 native plugins for Editor in 0.00 ms.
Mono: successfully reloaded assembly
- Completed reload, in  1.254 seconds
Domain Reload Profiling:
	ReloadAssembly (1256ms)
		BeginReloadAssembly (163ms)
			ExecutionOrderSort (0ms)
			DisableScriptedObjects (0ms)
			BackupInstance (0ms)
			ReleaseScriptingObjects (0ms)
			CreateAndSetChildDomain (2ms)
		EndReloadAssembly (909ms)
			LoadAssemblies (160ms)
			RebuildTransferFunctionScriptingTraits (0ms)
			SetupTypeCache (208ms)
				TypeCache.Initialize (208ms)
					TypeCache.ScanAssembly (206ms)
				ResolveRequiredComponents (1ms)
			ReleaseScriptCaches (0ms)
			RebuildScriptCaches (59ms)
			SetupLoadedEditorAssemblies (539ms)
				LogAssemblyErrors (0ms)
				InitializePlatformSupportModulesInManaged (101ms)
				SetLoadedEditorAssemblies (10ms)
				RefreshPlugins (129ms)
				BeforeProcessingInitializeOnLoad (2ms)
				ProcessInitializeOnLoadAttributes (205ms)
				ProcessInitializeOnLoadMethodAttributes (91ms)
				AfterProcessingInitializeOnLoad (0ms)
				EditorAssembliesLoaded (0ms)
			ExecutionOrderSort2 (0ms)
			AwakeInstancesAfterBackupRestoration (0ms)
Platform modules already initialized, skipping
Registering precompiled user dll's ...
Registered in 0.004062 seconds.
Begin MonoManager ReloadAssembly
Symbol file LoadedFromMemory doesn't match image D:\Game Data\Army Simulation Program\Library\PackageCache\com.unity.visualscripting@1.7.8\Editor\VisualScripting.Core\Dependencies\YamlDotNet\Unity.VisualScripting.YamlDotNet.dll
Symbol file LoadedFromMemory doesn't match image D:\Game Data\Army Simulation Program\Library\PackageCache\com.unity.visualscripting@1.7.8\Editor\VisualScripting.Core\Dependencies\DotNetZip\Unity.VisualScripting.IonicZip.dll
Native extension for WindowsStandalone target not found
Native extension for iOS target not found
Native extension for Android target not found
Refreshing native plugins compatible for Editor in 0.98 ms, found 3 plugins.
Preloading 0 native plugins for Editor in 0.00 ms.
Mono: successfully reloaded assembly
- Completed reload, in  2.187 seconds
Domain Reload Profiling:
	ReloadAssembly (2188ms)
		BeginReloadAssembly (255ms)
			ExecutionOrderSort (0ms)
			DisableScriptedObjects (11ms)
			BackupInstance (0ms)
			ReleaseScriptingObjects (0ms)
			CreateAndSetChildDomain (48ms)
		EndReloadAssembly (1714ms)
			LoadAssemblies (175ms)
			RebuildTransferFunctionScriptingTraits (0ms)
			SetupTypeCache (535ms)
				TypeCache.Initialize (531ms)
					TypeCache.ScanAssembly (526ms)
				ResolveRequiredComponents (4ms)
			ReleaseScriptCaches (1ms)
			RebuildScriptCaches (83ms)
			SetupLoadedEditorAssemblies (858ms)
				LogAssemblyErrors (0ms)
				InitializePlatformSupportModulesInManaged (44ms)
				SetLoadedEditorAssemblies (15ms)
				RefreshPlugins (1ms)
				BeforeProcessingInitializeOnLoad (137ms)
				ProcessInitializeOnLoadAttributes (592ms)
				ProcessInitializeOnLoadMethodAttributes (60ms)
				AfterProcessingInitializeOnLoad (8ms)
				EditorAssembliesLoaded (0ms)
			ExecutionOrderSort2 (0ms)
			AwakeInstancesAfterBackupRestoration (12ms)
Platform modules already initialized, skipping
========================================================================
Worker process is ready to serve import requests
Launched and connected shader compiler UnityShaderCompiler.exe after 0.04 seconds
Refreshing native plugins compatible for Editor in 1.16 ms, found 3 plugins.
Preloading 0 native plugins for Editor in 0.00 ms.
Unloading 3392 Unused Serialized files (Serialized files now loaded: 0)
Unloading 26 unused Assets / (57.4 KB). Loaded Objects now: 3854.
Memory consumption went from 0.51 GB to 0.51 GB.
Total: 3.241900 ms (FindLiveObjects: 0.357000 ms CreateObjectMapping: 0.228700 ms MarkObjects: 2.588900 ms  DeleteObjects: 0.066100 ms)

AssetImportParameters requested are different than current active one (requested -> active):
  custom:video-decoder-ogg-theora: a1e56fd34408186e4bbccfd4996cb3dc -> 
  custom:container-muxer-webm: aa71ff27fc2769a1b78a27578f13a17b -> 
  custom:container-demuxer-webm: 4f35f7cbe854078d1ac9338744f61a02 -> 
  custom:video-encoder-webm-vp8: eb34c28f22e8b96e1ab97ce403110664 -> 
  custom:video-codec-MediaFoundation-h265: 746d11721c4dcdbdad8f713fa42b33f4 -> 
  custom:audio-encoder-webm-vorbis: bf7c407c2cedff20999df2af8eb42d56 -> 
  custom:framework-win-MediaFoundation: 216162199b28c13a410421893ffa2e32 -> 
  custom:container-demuxer-ogg: 62fdf1f143b41e24485cea50d1cbac27 -> 
  custom:video-decoder-webm-vp8: 9c59270c3fd7afecdb556c50c9e8de78 -> 
  custom:audio-decoder-ogg-vorbis: bf7c407c2cedff20999df2af8eb42d56 -> 
========================================================================
Received Import Request.
  Time since last request: 465245.076541 seconds.
  path: Assets/RTS_Camera
  artifactKey: Guid(0779cb632a3dc01418d02691b230e9b3) Importer(815301076,1909f56bfc062723c751e8b465ee728b)
Start importing Assets/RTS_Camera using Guid(0779cb632a3dc01418d02691b230e9b3) Importer(815301076,1909f56bfc062723c751e8b465ee728b)  -> (artifact id: '16fd8bf9b03b37b95c62856037a30bfc') in 0.005128 seconds 
========================================================================
Received Import Request.
  Time since last request: 0.000019 seconds.
  path: Assets/RTS_Camera/Scripts
  artifactKey: Guid(0093e3f39000d9b47a825023d8a01b0e) Importer(815301076,1909f56bfc062723c751e8b465ee728b)
Start importing Assets/RTS_Camera/Scripts using Guid(0093e3f39000d9b47a825023d8a01b0e) Importer(815301076,1909f56bfc062723c751e8b465ee728b)  -> (artifact id: '4ee1e85d4c1fe6e74e7aa6b5f3698a08') in 0.004372 seconds 
========================================================================
Received Import Request.
  Time since last request: 20.560040 seconds.
  path: Assets/Mars Landscape 3D/Scenes
  artifactKey: Guid(74f25c82dee874f13a23de67cdb2f576) Importer(815301076,1909f56bfc062723c751e8b465ee728b)
Start importing Assets/Mars Landscape 3D/Scenes using Guid(74f25c82dee874f13a23de67cdb2f576) Importer(815301076,1909f56bfc062723c751e8b465ee728b)  -> (artifact id: '13f66590f428daf3218c18a7b577fdbb') in 0.006664 seconds 
========================================================================
Received Import Request.
  Time since last request: 0.879595 seconds.
  path: Assets/Mars Landscape 3D/Prefabs
  artifactKey: Guid(d1e8c4afa146f4622bb69613327121a6) Importer(815301076,1909f56bfc062723c751e8b465ee728b)
Start importing Assets/Mars Landscape 3D/Prefabs using Guid(d1e8c4afa146f4622bb69613327121a6) Importer(815301076,1909f56bfc062723c751e8b465ee728b)  -> (artifact id: 'fee29595c5105b46199f461f3807df70') in 0.006916 seconds 
========================================================================
Received Import Request.
  Time since last request: 0.339732 seconds.
  path: Assets/Mars Landscape 3D/Prefabs/ML3D_Rocks_00_00.prefab
  artifactKey: Guid(719667f2035d442a8b6fc78d6a10a7fa) Importer(815301076,1909f56bfc062723c751e8b465ee728b)
Start importing Assets/Mars Landscape 3D/Prefabs/ML3D_Rocks_00_00.prefab using Guid(719667f2035d442a8b6fc78d6a10a7fa) Importer(815301076,1909f56bfc062723c751e8b465ee728b)  -> (artifact id: 'd52fad342b176e1d0c95233ac97d5757') in 0.493466 seconds 
========================================================================
Received Import Request.
  Time since last request: 0.000041 seconds.
  path: Assets/Mars Landscape 3D/Prefabs/ML3D_Rocks_02_03.prefab
  artifactKey: Guid(5d760205a8d1c40a3a26bf909fcc7730) Importer(815301076,1909f56bfc062723c751e8b465ee728b)
Start importing Assets/Mars Landscape 3D/Prefabs/ML3D_Rocks_02_03.prefab using Guid(5d760205a8d1c40a3a26bf909fcc7730) Importer(815301076,1909f56bfc062723c751e8b465ee728b)  -> (artifact id: 'd5f1dd36b776da30e0ddcb738c463584') in 0.038807 seconds 
========================================================================
Received Import Request.
  Time since last request: 0.000041 seconds.
  path: Assets/Mars Landscape 3D/Prefabs/ML3D_Rocks_01_03.prefab
  artifactKey: Guid(a9d47e8a5c98f498a84556b79162a1cf) Importer(815301076,1909f56bfc062723c751e8b465ee728b)
Start importing Assets/Mars Landscape 3D/Prefabs/ML3D_Rocks_01_03.prefab using Guid(a9d47e8a5c98f498a84556b79162a1cf) Importer(815301076,1909f56bfc062723c751e8b465ee728b)  -> (artifact id: 'dd1276b78ee120ccd5d354c316b81cf6') in 0.031161 seconds 
========================================================================
Received Import Request.
  Time since last request: 0.000032 seconds.
  path: Assets/Mars Landscape 3D/Prefabs/ML3D_Rocks_02_01.prefab
  artifactKey: Guid(231fc9374d8be493cb2502622a93f1e8) Importer(815301076,1909f56bfc062723c751e8b465ee728b)
Start importing Assets/Mars Landscape 3D/Prefabs/ML3D_Rocks_02_01.prefab using Guid(231fc9374d8be493cb2502622a93f1e8) Importer(815301076,1909f56bfc062723c751e8b465ee728b)  -> (artifact id: '70e1db56e8278c50bb8acfa4f52879ba') in 0.035978 seconds 
========================================================================
Received Import Request.
  Time since last request: 0.000047 seconds.
  path: Assets/Mars Landscape 3D/Prefabs/ML3D_Rocks_02_00.prefab
  artifactKey: Guid(916c49c1725b444db83f8ccd1f04c5fd) Importer(815301076,1909f56bfc062723c751e8b465ee728b)
Start importing Assets/Mars Landscape 3D/Prefabs/ML3D_Rocks_02_00.prefab using Guid(916c49c1725b444db83f8ccd1f04c5fd) Importer(815301076,1909f56bfc062723c751e8b465ee728b)  -> (artifact id: '5adb212875b66bddaf13e6d5d1e2ba0d') in 0.044006 seconds 
========================================================================
Received Import Request.
  Time since last request: 0.000031 seconds.
  path: Assets/Mars Landscape 3D/Prefabs/ML3D_Rocks_01_00.prefab
  artifactKey: Guid(7de0b1ba75ead40c9ba800f7046b9cb0) Importer(815301076,1909f56bfc062723c751e8b465ee728b)
Start importing Assets/Mars Landscape 3D/Prefabs/ML3D_Rocks_01_00.prefab using Guid(7de0b1ba75ead40c9ba800f7046b9cb0) Importer(815301076,1909f56bfc062723c751e8b465ee728b)  -> (artifact id: '20305cc91dc91def5967029694425f94') in 0.043585 seconds 
========================================================================
Received Import Request.
  Time since last request: 2.153890 seconds.
  path: Assets/Mars Landscape 3D/Resources
  artifactKey: Guid(b813c557db7384a4d986e4d1c300aa5d) Importer(815301076,1909f56bfc062723c751e8b465ee728b)
Start importing Assets/Mars Landscape 3D/Resources using Guid(b813c557db7384a4d986e4d1c300aa5d) Importer(815301076,1909f56bfc062723c751e8b465ee728b)  -> (artifact id: 'b22d8889d979c56cfe7925342f7b6a1b') in 0.008473 seconds 
========================================================================
Received Import Request.
  Time since last request: 2.068188 seconds.
  path: Assets/Mars Landscape 3D/Resources/Textures
  artifactKey: Guid(35736a5564589406f9364f3e80ce90c4) Importer(815301076,1909f56bfc062723c751e8b465ee728b)
Start importing Assets/Mars Landscape 3D/Resources/Textures using Guid(35736a5564589406f9364f3e80ce90c4) Importer(815301076,1909f56bfc062723c751e8b465ee728b)  -> (artifact id: '0f7092637f5ef9e8fcadb45196a97765') in 0.007578 seconds 
========================================================================
Received Import Request.
  Time since last request: 0.047882 seconds.
  path: Assets/Mars Landscape 3D/Resources/Textures/Crater_Brush.png
  artifactKey: Guid(d8b3ec531427a4268a30ae69e658b69f) Importer(815301076,1909f56bfc062723c751e8b465ee728b)
Start importing Assets/Mars Landscape 3D/Resources/Textures/Crater_Brush.png using Guid(d8b3ec531427a4268a30ae69e658b69f) Importer(815301076,1909f56bfc062723c751e8b465ee728b)  -> (artifact id: 'ea42044f550dbb0a02ea17b33ad53a68') in 0.040661 seconds 
========================================================================
Received Import Request.
  Time since last request: 0.000021 seconds.
  path: Assets/Mars Landscape 3D/Resources/Textures/ML3D_Rocks_00_Normal.png
  artifactKey: Guid(d1f1907a43022430c8a730e0eba4af48) Importer(815301076,1909f56bfc062723c751e8b465ee728b)
Start importing Assets/Mars Landscape 3D/Resources/Textures/ML3D_Rocks_00_Normal.png using Guid(d1f1907a43022430c8a730e0eba4af48) Importer(815301076,1909f56bfc062723c751e8b465ee728b)  -> (artifact id: '1dfd844f140e694eee5d4ee487099468') in 0.033151 seconds 
========================================================================
Received Import Request.
  Time since last request: 0.000143 seconds.
  path: Assets/Mars Landscape 3D/Resources/Textures/ML3D_Rocks_01_MetallicSmoothness.png
  artifactKey: Guid(39f957b525e964fbebd7624e2c297f8f) Importer(815301076,1909f56bfc062723c751e8b465ee728b)
Start importing Assets/Mars Landscape 3D/Resources/Textures/ML3D_Rocks_01_MetallicSmoothness.png using Guid(39f957b525e964fbebd7624e2c297f8f) Importer(815301076,1909f56bfc062723c751e8b465ee728b)  -> (artifact id: '9d165a979ded10cc868dd9da68fe7986') in 0.026281 seconds 
========================================================================
Received Import Request.
  Time since last request: 0.000027 seconds.
  path: Assets/Mars Landscape 3D/Resources/Textures/ML3D_Rocks_00_AlbedoTransparency.png
  artifactKey: Guid(c32a40268d33d4d7f98b1fd1fd3eb2b5) Importer(815301076,1909f56bfc062723c751e8b465ee728b)
Start importing Assets/Mars Landscape 3D/Resources/Textures/ML3D_Rocks_00_AlbedoTransparency.png using Guid(c32a40268d33d4d7f98b1fd1fd3eb2b5) Importer(815301076,1909f56bfc062723c751e8b465ee728b)  -> (artifact id: 'b77b53a15eb05367529813868a768fbe') in 0.024744 seconds 
========================================================================
Received Import Request.
  Time since last request: 0.000023 seconds.
  path: Assets/Mars Landscape 3D/Resources/Textures/ML3D_Rocks_01_Normal.png
  artifactKey: Guid(26fa470ebd9114fec929d301808630ab) Importer(815301076,1909f56bfc062723c751e8b465ee728b)
Start importing Assets/Mars Landscape 3D/Resources/Textures/ML3D_Rocks_01_Normal.png using Guid(26fa470ebd9114fec929d301808630ab) Importer(815301076,1909f56bfc062723c751e8b465ee728b)  -> (artifact id: '325a7e7737f210f648a3cd7831061109') in 0.029458 seconds 
========================================================================
Received Import Request.
  Time since last request: 0.000053 seconds.
  path: Assets/Mars Landscape 3D/Resources/Textures/Smoke.png
  artifactKey: Guid(7e92e657da92e4461a765169324acb40) Importer(815301076,1909f56bfc062723c751e8b465ee728b)
Start importing Assets/Mars Landscape 3D/Resources/Textures/Smoke.png using Guid(7e92e657da92e4461a765169324acb40) Importer(815301076,1909f56bfc062723c751e8b465ee728b)  -> (artifact id: 'f2d1cd0db5f0773c356ac3994c47d2bc') in 0.026357 seconds 
========================================================================
Received Import Request.
  Time since last request: 0.000079 seconds.
  path: Assets/Mars Landscape 3D/Resources/Textures/SandDetails.png
  artifactKey: Guid(117845fd596dd4fc0b7d30308a6393f1) Importer(815301076,1909f56bfc062723c751e8b465ee728b)
Start importing Assets/Mars Landscape 3D/Resources/Textures/SandDetails.png using Guid(117845fd596dd4fc0b7d30308a6393f1) Importer(815301076,1909f56bfc062723c751e8b465ee728b)  -> (artifact id: '49d638f7c4b78dfd093f47fa508387b5') in 0.033759 seconds 
========================================================================
Received Import Request.
  Time since last request: 0.000031 seconds.
  path: Assets/Mars Landscape 3D/Resources/Textures/ML3D_Rocks_01_AlbedoTransparency.png
  artifactKey: Guid(b49e9936f6ed542a0a7dadcc34d9cac7) Importer(815301076,1909f56bfc062723c751e8b465ee728b)
Start importing Assets/Mars Landscape 3D/Resources/Textures/ML3D_Rocks_01_AlbedoTransparency.png using Guid(b49e9936f6ed542a0a7dadcc34d9cac7) Importer(815301076,1909f56bfc062723c751e8b465ee728b)  -> (artifact id: '73da1a972d77bee8a0c1cd35d0e1199a') in 0.026124 seconds 
========================================================================
Received Import Request.
  Time since last request: 0.000024 seconds.
  path: Assets/Mars Landscape 3D/Resources/Textures/ML3D_Rocks_02_AlbedoTransparency.png
  artifactKey: Guid(daefb2272129642d3bd999badd1f52fb) Importer(815301076,1909f56bfc062723c751e8b465ee728b)
Start importing Assets/Mars Landscape 3D/Resources/Textures/ML3D_Rocks_02_AlbedoTransparency.png using Guid(daefb2272129642d3bd999badd1f52fb) Importer(815301076,1909f56bfc062723c751e8b465ee728b)  -> (artifact id: '826c1aeb91cec1ea4e04e649db5e682e') in 0.026961 seconds 
========================================================================
Received Import Request.
  Time since last request: 0.000043 seconds.
  path: Assets/Mars Landscape 3D/Resources/Textures/ML3D_Rocks_02_MetallicSmoothness.png
  artifactKey: Guid(300a1a5e259454ccfb164c158b79349f) Importer(815301076,1909f56bfc062723c751e8b465ee728b)
Start importing Assets/Mars Landscape 3D/Resources/Textures/ML3D_Rocks_02_MetallicSmoothness.png using Guid(300a1a5e259454ccfb164c158b79349f) Importer(815301076,1909f56bfc062723c751e8b465ee728b)  -> (artifact id: 'b1af671347013ebd4063cd3498e63ee5') in 0.025485 seconds 
========================================================================
Received Import Request.
  Time since last request: 0.000091 seconds.
  path: Assets/Mars Landscape 3D/Resources/Textures/ML3D_Rocks_02_Normal.png
  artifactKey: Guid(7fdaaba5c809c461ab5d477d5bd4a3cf) Importer(815301076,1909f56bfc062723c751e8b465ee728b)
Start importing Assets/Mars Landscape 3D/Resources/Textures/ML3D_Rocks_02_Normal.png using Guid(7fdaaba5c809c461ab5d477d5bd4a3cf) Importer(815301076,1909f56bfc062723c751e8b465ee728b)  -> (artifact id: '582218561812a4b9d72d90fd660739be') in 0.024227 seconds 
========================================================================
Received Import Request.
  Time since last request: 2.950535 seconds.
  path: Assets/Mars Landscape 3D/Resources/Geometry
  artifactKey: Guid(f344c4f9f564a4050b72b062cb96f0c1) Importer(815301076,1909f56bfc062723c751e8b465ee728b)
Start importing Assets/Mars Landscape 3D/Resources/Geometry using Guid(f344c4f9f564a4050b72b062cb96f0c1) Importer(815301076,1909f56bfc062723c751e8b465ee728b)  -> (artifact id: 'c405011af4047e6d01fd9b66288e9229') in 0.007825 seconds 
========================================================================
Received Import Request.
  Time since last request: 3.218762 seconds.
  path: Assets/Mars Landscape 3D/Scenes/Mars Landscape 3D Overview_Profiles
  artifactKey: Guid(3e52e81ebacd245e1b8040f6a369d20a) Importer(815301076,1909f56bfc062723c751e8b465ee728b)
Start importing Assets/Mars Landscape 3D/Scenes/Mars Landscape 3D Overview_Profiles using Guid(3e52e81ebacd245e1b8040f6a369d20a) Importer(815301076,1909f56bfc062723c751e8b465ee728b)  -> (artifact id: 'e484a3cf9fe4af651e66c3649ef91d7e') in 0.010446 seconds 
========================================================================
Received Import Request.
  Time since last request: 0.069759 seconds.
  path: Assets/Mars Landscape 3D/Scenes/Mars Landscape 3D Overview_Profiles/MarsLandscape3DPost-ProcessingVolumeProfile.asset
  artifactKey: Guid(c30811e6a75df4309b68ce71c0eb88b4) Importer(815301076,1909f56bfc062723c751e8b465ee728b)
Start importing Assets/Mars Landscape 3D/Scenes/Mars Landscape 3D Overview_Profiles/MarsLandscape3DPost-ProcessingVolumeProfile.asset using Guid(c30811e6a75df4309b68ce71c0eb88b4) Importer(815301076,1909f56bfc062723c751e8b465ee728b)  -> (artifact id: '7ab67c682b719894c5d0fbdbe618c3fd') in 0.013262 seconds 
========================================================================
Received Import Request.
  Time since last request: 2.699198 seconds.
  path: Assets/Mars Landscape 3D/Scenes/Mars Landscape 3D Overview.unity
  artifactKey: Guid(0be31f687dc218d4aa1da89eb53b66f7) Importer(815301076,1909f56bfc062723c751e8b465ee728b)
Start importing Assets/Mars Landscape 3D/Scenes/Mars Landscape 3D Overview.unity using Guid(0be31f687dc218d4aa1da89eb53b66f7) Importer(815301076,1909f56bfc062723c751e8b465ee728b)  -> (artifact id: 'b5bb1f494282ffef0f3cbabd6452edd9') in 0.008332 seconds 
========================================================================
Received Prepare
Registering precompiled user dll's ...
Registered in 0.003809 seconds.
Begin MonoManager ReloadAssembly
Symbol file LoadedFromMemory doesn't match image D:\Game Data\Army Simulation Program\Library\PackageCache\com.unity.visualscripting@1.7.8\Editor\VisualScripting.Core\Dependencies\YamlDotNet\Unity.VisualScripting.YamlDotNet.dll
Symbol file LoadedFromMemory doesn't match image D:\Game Data\Army Simulation Program\Library\PackageCache\com.unity.visualscripting@1.7.8\Editor\VisualScripting.Core\Dependencies\DotNetZip\Unity.VisualScripting.IonicZip.dll
Native extension for WindowsStandalone target not found
Native extension for iOS target not found
Native extension for Android target not found
Refreshing native plugins compatible for Editor in 0.89 ms, found 3 plugins.
Preloading 0 native plugins for Editor in 0.00 ms.
Mono: successfully reloaded assembly
- Completed reload, in  1.326 seconds
Domain Reload Profiling:
	ReloadAssembly (1327ms)
		BeginReloadAssembly (130ms)
			ExecutionOrderSort (0ms)
			DisableScriptedObjects (5ms)
			BackupInstance (0ms)
			ReleaseScriptingObjects (0ms)
			CreateAndSetChildDomain (39ms)
		EndReloadAssembly (1072ms)
			LoadAssemblies (95ms)
			RebuildTransferFunctionScriptingTraits (0ms)
			SetupTypeCache (399ms)
				TypeCache.Initialize (394ms)
					TypeCache.ScanAssembly (383ms)
				ResolveRequiredComponents (5ms)
			ReleaseScriptCaches (2ms)
			RebuildScriptCaches (58ms)
			SetupLoadedEditorAssemblies (433ms)
				LogAssemblyErrors (0ms)
				InitializePlatformSupportModulesInManaged (40ms)
				SetLoadedEditorAssemblies (10ms)
				RefreshPlugins (1ms)
				BeforeProcessingInitializeOnLoad (69ms)
				ProcessInitializeOnLoadAttributes (266ms)
				ProcessInitializeOnLoadMethodAttributes (40ms)
				AfterProcessingInitializeOnLoad (7ms)
				EditorAssembliesLoaded (0ms)
			ExecutionOrderSort2 (0ms)
			AwakeInstancesAfterBackupRestoration (6ms)
Platform modules already initialized, skipping
Refreshing native plugins compatible for Editor in 2.93 ms, found 3 plugins.
Preloading 0 native plugins for Editor in 0.00 ms.
Unloading 3383 Unused Serialized files (Serialized files now loaded: 0)
Unloading 19 unused Assets / (25.4 KB). Loaded Objects now: 3867.
Memory consumption went from 0.51 GB to 0.51 GB.
Total: 5.999700 ms (FindLiveObjects: 0.629300 ms CreateObjectMapping: 0.568300 ms MarkObjects: 4.769200 ms  DeleteObjects: 0.031700 ms)

AssetImportParameters requested are different than current active one (requested -> active):
  custom:video-decoder-ogg-theora: a1e56fd34408186e4bbccfd4996cb3dc -> 
  custom:container-muxer-webm: aa71ff27fc2769a1b78a27578f13a17b -> 
  custom:container-demuxer-webm: 4f35f7cbe854078d1ac9338744f61a02 -> 
  custom:video-encoder-webm-vp8: eb34c28f22e8b96e1ab97ce403110664 -> 
  custom:video-codec-MediaFoundation-h265: 746d11721c4dcdbdad8f713fa42b33f4 -> 
  custom:audio-encoder-webm-vorbis: bf7c407c2cedff20999df2af8eb42d56 -> 
  custom:framework-win-MediaFoundation: 216162199b28c13a410421893ffa2e32 -> 
  custom:container-demuxer-ogg: 62fdf1f143b41e24485cea50d1cbac27 -> 
  custom:video-decoder-webm-vp8: 9c59270c3fd7afecdb556c50c9e8de78 -> 
  custom:audio-decoder-ogg-vorbis: bf7c407c2cedff20999df2af8eb42d56 -> 
========================================================================
Received Prepare
Registering precompiled user dll's ...
Registered in 0.003685 seconds.
Begin MonoManager ReloadAssembly
Symbol file LoadedFromMemory doesn't match image D:\Game Data\Army Simulation Program\Library\PackageCache\com.unity.visualscripting@1.7.8\Editor\VisualScripting.Core\Dependencies\YamlDotNet\Unity.VisualScripting.YamlDotNet.dll
Symbol file LoadedFromMemory doesn't match image D:\Game Data\Army Simulation Program\Library\PackageCache\com.unity.visualscripting@1.7.8\Editor\VisualScripting.Core\Dependencies\DotNetZip\Unity.VisualScripting.IonicZip.dll
Native extension for WindowsStandalone target not found
Native extension for iOS target not found
Native extension for Android target not found
Refreshing native plugins compatible for Editor in 0.60 ms, found 3 plugins.
Preloading 0 native plugins for Editor in 0.00 ms.
Mono: successfully reloaded assembly
- Completed reload, in  1.198 seconds
Domain Reload Profiling:
	ReloadAssembly (1199ms)
		BeginReloadAssembly (128ms)
			ExecutionOrderSort (0ms)
			DisableScriptedObjects (5ms)
			BackupInstance (0ms)
			ReleaseScriptingObjects (0ms)
			CreateAndSetChildDomain (41ms)
		EndReloadAssembly (951ms)
			LoadAssemblies (83ms)
			RebuildTransferFunctionScriptingTraits (0ms)
			SetupTypeCache (352ms)
				TypeCache.Initialize (347ms)
					TypeCache.ScanAssembly (339ms)
				ResolveRequiredComponents (5ms)
			ReleaseScriptCaches (1ms)
			RebuildScriptCaches (57ms)
			SetupLoadedEditorAssemblies (384ms)
				LogAssemblyErrors (0ms)
				InitializePlatformSupportModulesInManaged (38ms)
				SetLoadedEditorAssemblies (9ms)
				RefreshPlugins (1ms)
				BeforeProcessingInitializeOnLoad (64ms)
				ProcessInitializeOnLoadAttributes (234ms)
				ProcessInitializeOnLoadMethodAttributes (34ms)
				AfterProcessingInitializeOnLoad (5ms)
				EditorAssembliesLoaded (0ms)
			ExecutionOrderSort2 (0ms)
			AwakeInstancesAfterBackupRestoration (6ms)
Platform modules already initialized, skipping
Refreshing native plugins compatible for Editor in 3.00 ms, found 3 plugins.
Preloading 0 native plugins for Editor in 0.00 ms.
Unloading 3384 Unused Serialized files (Serialized files now loaded: 0)
Unloading 19 unused Assets / (32.6 KB). Loaded Objects now: 3870.
Memory consumption went from 0.51 GB to 0.51 GB.
Total: 3.368200 ms (FindLiveObjects: 0.361700 ms CreateObjectMapping: 0.246300 ms MarkObjects: 2.712900 ms  DeleteObjects: 0.045300 ms)

AssetImportParameters requested are different than current active one (requested -> active):
  custom:video-decoder-ogg-theora: a1e56fd34408186e4bbccfd4996cb3dc -> 
  custom:container-muxer-webm: aa71ff27fc2769a1b78a27578f13a17b -> 
  custom:container-demuxer-webm: 4f35f7cbe854078d1ac9338744f61a02 -> 
  custom:video-encoder-webm-vp8: eb34c28f22e8b96e1ab97ce403110664 -> 
  custom:video-codec-MediaFoundation-h265: 746d11721c4dcdbdad8f713fa42b33f4 -> 
  custom:audio-encoder-webm-vorbis: bf7c407c2cedff20999df2af8eb42d56 -> 
  custom:framework-win-MediaFoundation: 216162199b28c13a410421893ffa2e32 -> 
  custom:container-demuxer-ogg: 62fdf1f143b41e24485cea50d1cbac27 -> 
  custom:video-decoder-webm-vp8: 9c59270c3fd7afecdb556c50c9e8de78 -> 
  custom:audio-decoder-ogg-vorbis: bf7c407c2cedff20999df2af8eb42d56 -> 
========================================================================
Received Prepare
Registering precompiled user dll's ...
Registered in 0.003520 seconds.
Begin MonoManager ReloadAssembly
Symbol file LoadedFromMemory doesn't match image D:\Game Data\Army Simulation Program\Library\PackageCache\com.unity.visualscripting@1.7.8\Editor\VisualScripting.Core\Dependencies\YamlDotNet\Unity.VisualScripting.YamlDotNet.dll
Symbol file LoadedFromMemory doesn't match image D:\Game Data\Army Simulation Program\Library\PackageCache\com.unity.visualscripting@1.7.8\Editor\VisualScripting.Core\Dependencies\DotNetZip\Unity.VisualScripting.IonicZip.dll
Native extension for WindowsStandalone target not found
Native extension for iOS target not found
Native extension for Android target not found
Refreshing native plugins compatible for Editor in 0.88 ms, found 3 plugins.
Preloading 0 native plugins for Editor in 0.00 ms.
Mono: successfully reloaded assembly
- Completed reload, in  1.144 seconds
Domain Reload Profiling:
	ReloadAssembly (1144ms)
		BeginReloadAssembly (127ms)
			ExecutionOrderSort (0ms)
			DisableScriptedObjects (7ms)
			BackupInstance (0ms)
			ReleaseScriptingObjects (0ms)
			CreateAndSetChildDomain (35ms)
		EndReloadAssembly (926ms)
			LoadAssemblies (86ms)
			RebuildTransferFunctionScriptingTraits (0ms)
			SetupTypeCache (317ms)
				TypeCache.Initialize (313ms)
					TypeCache.ScanAssembly (303ms)
				ResolveRequiredComponents (4ms)
			ReleaseScriptCaches (1ms)
			RebuildScriptCaches (57ms)
			SetupLoadedEditorAssemblies (392ms)
				LogAssemblyErrors (0ms)
				InitializePlatformSupportModulesInManaged (36ms)
				SetLoadedEditorAssemblies (7ms)
				RefreshPlugins (1ms)
				BeforeProcessingInitializeOnLoad (65ms)
				ProcessInitializeOnLoadAttributes (243ms)
				ProcessInitializeOnLoadMethodAttributes (35ms)
				AfterProcessingInitializeOnLoad (6ms)
				EditorAssembliesLoaded (0ms)
			ExecutionOrderSort2 (0ms)
			AwakeInstancesAfterBackupRestoration (7ms)
Platform modules already initialized, skipping
Refreshing native plugins compatible for Editor in 1.46 ms, found 3 plugins.
Preloading 0 native plugins for Editor in 0.00 ms.
Unloading 3384 Unused Serialized files (Serialized files now loaded: 0)
Unloading 19 unused Assets / (32.6 KB). Loaded Objects now: 3873.
Memory consumption went from 0.51 GB to 0.51 GB.
Total: 4.266000 ms (FindLiveObjects: 0.654800 ms CreateObjectMapping: 0.461000 ms MarkObjects: 3.125400 ms  DeleteObjects: 0.023300 ms)

AssetImportParameters requested are different than current active one (requested -> active):
  custom:video-decoder-ogg-theora: a1e56fd34408186e4bbccfd4996cb3dc -> 
  custom:container-muxer-webm: aa71ff27fc2769a1b78a27578f13a17b -> 
  custom:container-demuxer-webm: 4f35f7cbe854078d1ac9338744f61a02 -> 
  custom:video-encoder-webm-vp8: eb34c28f22e8b96e1ab97ce403110664 -> 
  custom:video-codec-MediaFoundation-h265: 746d11721c4dcdbdad8f713fa42b33f4 -> 
  custom:audio-encoder-webm-vorbis: bf7c407c2cedff20999df2af8eb42d56 -> 
  custom:framework-win-MediaFoundation: 216162199b28c13a410421893ffa2e32 -> 
  custom:container-demuxer-ogg: 62fdf1f143b41e24485cea50d1cbac27 -> 
  custom:video-decoder-webm-vp8: 9c59270c3fd7afecdb556c50c9e8de78 -> 
  custom:audio-decoder-ogg-vorbis: bf7c407c2cedff20999df2af8eb42d56 -> 
========================================================================
Received Prepare
Registering precompiled user dll's ...
Registered in 0.002630 seconds.
Begin MonoManager ReloadAssembly
Symbol file LoadedFromMemory doesn't match image D:\Game Data\Army Simulation Program\Library\PackageCache\com.unity.visualscripting@1.7.8\Editor\VisualScripting.Core\Dependencies\YamlDotNet\Unity.VisualScripting.YamlDotNet.dll
Symbol file LoadedFromMemory doesn't match image D:\Game Data\Army Simulation Program\Library\PackageCache\com.unity.visualscripting@1.7.8\Editor\VisualScripting.Core\Dependencies\DotNetZip\Unity.VisualScripting.IonicZip.dll
Native extension for WindowsStandalone target not found
Native extension for iOS target not found
Native extension for Android target not found
Refreshing native plugins compatible for Editor in 0.87 ms, found 3 plugins.
Preloading 0 native plugins for Editor in 0.00 ms.
Mono: successfully reloaded assembly
- Completed reload, in  1.157 seconds
Domain Reload Profiling:
	ReloadAssembly (1159ms)
		BeginReloadAssembly (123ms)
			ExecutionOrderSort (0ms)
			DisableScriptedObjects (5ms)
			BackupInstance (0ms)
			ReleaseScriptingObjects (0ms)
			CreateAndSetChildDomain (34ms)
		EndReloadAssembly (944ms)
			LoadAssemblies (84ms)
			RebuildTransferFunctionScriptingTraits (0ms)
			SetupTypeCache (285ms)
				TypeCache.Initialize (281ms)
					TypeCache.ScanAssembly (275ms)
				ResolveRequiredComponents (4ms)
			ReleaseScriptCaches (1ms)
			RebuildScriptCaches (55ms)
			SetupLoadedEditorAssemblies (435ms)
				LogAssemblyErrors (0ms)
				InitializePlatformSupportModulesInManaged (44ms)
				SetLoadedEditorAssemblies (11ms)
				RefreshPlugins (1ms)
				BeforeProcessingInitializeOnLoad (74ms)
				ProcessInitializeOnLoadAttributes (260ms)
				ProcessInitializeOnLoadMethodAttributes (36ms)
				AfterProcessingInitializeOnLoad (9ms)
				EditorAssembliesLoaded (1ms)
			ExecutionOrderSort2 (0ms)
			AwakeInstancesAfterBackupRestoration (9ms)
Platform modules already initialized, skipping
Refreshing native plugins compatible for Editor in 2.08 ms, found 3 plugins.
Preloading 0 native plugins for Editor in 0.00 ms.
Unloading 3384 Unused Serialized files (Serialized files now loaded: 0)
Unloading 19 unused Assets / (32.6 KB). Loaded Objects now: 3876.
Memory consumption went from 0.51 GB to 0.51 GB.
Total: 5.882100 ms (FindLiveObjects: 0.465600 ms CreateObjectMapping: 0.421700 ms MarkObjects: 4.953400 ms  DeleteObjects: 0.039200 ms)

AssetImportParameters requested are different than current active one (requested -> active):
  custom:video-decoder-ogg-theora: a1e56fd34408186e4bbccfd4996cb3dc -> 
  custom:container-muxer-webm: aa71ff27fc2769a1b78a27578f13a17b -> 
  custom:container-demuxer-webm: 4f35f7cbe854078d1ac9338744f61a02 -> 
  custom:video-encoder-webm-vp8: eb34c28f22e8b96e1ab97ce403110664 -> 
  custom:video-codec-MediaFoundation-h265: 746d11721c4dcdbdad8f713fa42b33f4 -> 
  custom:audio-encoder-webm-vorbis: bf7c407c2cedff20999df2af8eb42d56 -> 
  custom:framework-win-MediaFoundation: 216162199b28c13a410421893ffa2e32 -> 
  custom:container-demuxer-ogg: 62fdf1f143b41e24485cea50d1cbac27 -> 
  custom:video-decoder-webm-vp8: 9c59270c3fd7afecdb556c50c9e8de78 -> 
  custom:audio-decoder-ogg-vorbis: bf7c407c2cedff20999df2af8eb42d56 -> 
========================================================================
Received Import Request.
  Time since last request: 426.166817 seconds.
  path: Assets/Desert Buildings/Prefabs
  artifactKey: Guid(caa23ebc65899a54785554d93890d7a8) Importer(815301076,1909f56bfc062723c751e8b465ee728b)
Start importing Assets/Desert Buildings/Prefabs using Guid(caa23ebc65899a54785554d93890d7a8) Importer(815301076,1909f56bfc062723c751e8b465ee728b)  -> (artifact id: 'e2a9bfb5d4a37b76c146ccb57addf770') in 0.002658 seconds 
========================================================================
Received Import Request.
  Time since last request: 0.080923 seconds.
  path: Assets/Desert Buildings/Prefabs/Desert_Building_V1.prefab
  artifactKey: Guid(36f3c19a7597eb94987d9f341e3010eb) Importer(815301076,1909f56bfc062723c751e8b465ee728b)
Start importing Assets/Desert Buildings/Prefabs/Desert_Building_V1.prefab using Guid(36f3c19a7597eb94987d9f341e3010eb) Importer(815301076,1909f56bfc062723c751e8b465ee728b)  -> (artifact id: 'bed117ab9929aa4919f051084842a3c2') in 0.393276 seconds 
========================================================================
Received Import Request.
  Time since last request: 0.000041 seconds.
  path: Assets/Desert Buildings/Prefabs/Desert_Building_V3.prefab
  artifactKey: Guid(14109c6f26a2be34c8ac4c0eb01f3aec) Importer(815301076,1909f56bfc062723c751e8b465ee728b)
Start importing Assets/Desert Buildings/Prefabs/Desert_Building_V3.prefab using Guid(14109c6f26a2be34c8ac4c0eb01f3aec) Importer(815301076,1909f56bfc062723c751e8b465ee728b)  -> (artifact id: 'b46493aeb6b930c306bc33eef8b4b4b9') in 0.095696 seconds 
========================================================================
Received Import Request.
  Time since last request: 45.832340 seconds.
  path: Assets/Desert City Pack/CC.asset
  artifactKey: Guid(0885d850575aebc4ab4c1e90d14d35a8) Importer(815301076,1909f56bfc062723c751e8b465ee728b)
Start importing Assets/Desert City Pack/CC.asset using Guid(0885d850575aebc4ab4c1e90d14d35a8) Importer(815301076,1909f56bfc062723c751e8b465ee728b)  -> (artifact id: '1dd36114d3f9ae29259939ac2bd0fdd0') in 0.007151 seconds 
========================================================================
Received Import Request.
  Time since last request: 1.296978 seconds.
  path: Assets/Desert City Pack/Models
  artifactKey: Guid(1c62f42f2832bd04abe0dad3100fc578) Importer(815301076,1909f56bfc062723c751e8b465ee728b)
Start importing Assets/Desert City Pack/Models using Guid(1c62f42f2832bd04abe0dad3100fc578) Importer(815301076,1909f56bfc062723c751e8b465ee728b)  -> (artifact id: '6cc2eabea46b4436da0b75e1a62c5b5f') in 0.004833 seconds 
========================================================================
Received Import Request.
  Time since last request: 0.052314 seconds.
  path: Assets/Desert City Pack/Models/Desert_house_free.FBX
  artifactKey: Guid(1fcfd74f04bdf464aa90886ce55bbba3) Importer(815301076,1909f56bfc062723c751e8b465ee728b)
Start importing Assets/Desert City Pack/Models/Desert_house_free.FBX using Guid(1fcfd74f04bdf464aa90886ce55bbba3) Importer(815301076,1909f56bfc062723c751e8b465ee728b)  -> (artifact id: '578243d4d6efb3076ae1fceb486f8ae4') in 2.008798 seconds 
========================================================================
Received Import Request.
  Time since last request: 41.246744 seconds.
  path: Assets/Desert_Fortification/Prefabs
  artifactKey: Guid(a627eeb205f7bf743a3cb745a6f8477a) Importer(815301076,1909f56bfc062723c751e8b465ee728b)
Start importing Assets/Desert_Fortification/Prefabs using Guid(a627eeb205f7bf743a3cb745a6f8477a) Importer(815301076,1909f56bfc062723c751e8b465ee728b)  -> (artifact id: '8e9ddd364bc6c0dd42dc7c8504c71197') in 0.004791 seconds 
========================================================================
Received Import Request.
  Time since last request: 0.061197 seconds.
  path: Assets/Desert_Fortification/Prefabs/Fortification.prefab
  artifactKey: Guid(bd1e336f607a7e4409cc7a9bc41ec535) Importer(815301076,1909f56bfc062723c751e8b465ee728b)
Start importing Assets/Desert_Fortification/Prefabs/Fortification.prefab using Guid(bd1e336f607a7e4409cc7a9bc41ec535) Importer(815301076,1909f56bfc062723c751e8b465ee728b)  -> (artifact id: '7291620dce1af244fd3d5650b39b8fd8') in 0.298565 seconds 
========================================================================
Received Import Request.
  Time since last request: 0.000047 seconds.
  path: Assets/Desert_Fortification/Prefabs/Stairs.prefab
  artifactKey: Guid(d6c624745b3a12540ab7025c80d44007) Importer(815301076,1909f56bfc062723c751e8b465ee728b)
Start importing Assets/Desert_Fortification/Prefabs/Stairs.prefab using Guid(d6c624745b3a12540ab7025c80d44007) Importer(815301076,1909f56bfc062723c751e8b465ee728b)  -> (artifact id: '7100fcef150a643e430d4e687fe45c01') in 0.192514 seconds 
========================================================================
Received Import Request.
  Time since last request: 0.000062 seconds.
  path: Assets/Desert_Fortification/Prefabs/Tower_V1.prefab
  artifactKey: Guid(5bd6bae4e68b86b44b0ba4b36dffb892) Importer(815301076,1909f56bfc062723c751e8b465ee728b)
Start importing Assets/Desert_Fortification/Prefabs/Tower_V1.prefab using Guid(5bd6bae4e68b86b44b0ba4b36dffb892) Importer(815301076,1909f56bfc062723c751e8b465ee728b)  -> (artifact id: '37ddaa9826d4e9986f167cae0b999994') in 0.152791 seconds 
========================================================================
Received Import Request.
  Time since last request: 0.000053 seconds.
  path: Assets/Desert_Fortification/Prefabs/Tower_V1_Corner.prefab
  artifactKey: Guid(f09e40b380c9faa4e926dcec5e16a2ea) Importer(815301076,1909f56bfc062723c751e8b465ee728b)
Start importing Assets/Desert_Fortification/Prefabs/Tower_V1_Corner.prefab using Guid(f09e40b380c9faa4e926dcec5e16a2ea) Importer(815301076,1909f56bfc062723c751e8b465ee728b)  -> (artifact id: '4aa5b39a874746d8326c4016c8608ace') in 0.151078 seconds 
========================================================================
Received Import Request.
  Time since last request: 0.000041 seconds.
  path: Assets/Desert_Fortification/Prefabs/Tower_V2_Corner.prefab
  artifactKey: Guid(26a6159b665f56a4ea7fbd6b7ed04813) Importer(815301076,1909f56bfc062723c751e8b465ee728b)
Start importing Assets/Desert_Fortification/Prefabs/Tower_V2_Corner.prefab using Guid(26a6159b665f56a4ea7fbd6b7ed04813) Importer(815301076,1909f56bfc062723c751e8b465ee728b)  -> (artifact id: '84c952a440bedfe4b64727a641d0e2b7') in 0.100827 seconds 
========================================================================
Received Import Request.
  Time since last request: 0.000063 seconds.
  path: Assets/Desert_Fortification/Prefabs/Gate.prefab
  artifactKey: Guid(2cab2b1a0b775ef4a972a648b50b44a7) Importer(815301076,1909f56bfc062723c751e8b465ee728b)
Start importing Assets/Desert_Fortification/Prefabs/Gate.prefab using Guid(2cab2b1a0b775ef4a972a648b50b44a7) Importer(815301076,1909f56bfc062723c751e8b465ee728b)  -> (artifact id: '6b26fd0c0d23c6bffe6a378542b0c3f8') in 0.074579 seconds 
========================================================================
Received Import Request.
  Time since last request: 0.000067 seconds.
  path: Assets/Desert_Fortification/Prefabs/Tower_V2.prefab
  artifactKey: Guid(3ca589f0f8958c7428a3f62332559d3d) Importer(815301076,1909f56bfc062723c751e8b465ee728b)
Start importing Assets/Desert_Fortification/Prefabs/Tower_V2.prefab using Guid(3ca589f0f8958c7428a3f62332559d3d) Importer(815301076,1909f56bfc062723c751e8b465ee728b)  -> (artifact id: 'c9ecb52f32768a18c4f167da46434fcb') in 0.109333 seconds 
========================================================================
Received Import Request.
  Time since last request: 102.802304 seconds.
  path: Assets/Desert City Pack/Textures/Black.png
  artifactKey: Guid(96835bdfc8b0f7144b7cccc2478f7fd1) Importer(815301076,1909f56bfc062723c751e8b465ee728b)
Start importing Assets/Desert City Pack/Textures/Black.png using Guid(96835bdfc8b0f7144b7cccc2478f7fd1) Importer(815301076,1909f56bfc062723c751e8b465ee728b)  -> (artifact id: 'e2d5f4326bde2bc7dee2ac4bbceec175') in 0.018145 seconds 
========================================================================
Received Import Request.
  Time since last request: 0.000042 seconds.
  path: Assets/Desert Buildings/Textures/Desert_Building_V2_Normal.png
  artifactKey: Guid(6a74d327ed718f34c9804e7c44849c4d) Importer(815301076,1909f56bfc062723c751e8b465ee728b)
Start importing Assets/Desert Buildings/Textures/Desert_Building_V2_Normal.png using Guid(6a74d327ed718f34c9804e7c44849c4d) Importer(815301076,1909f56bfc062723c751e8b465ee728b)  -> (artifact id: '783f0524d50d096eaf4a65afd0bf5acb') in 0.023377 seconds 
========================================================================
Received Import Request.
  Time since last request: 0.000023 seconds.
  path: Assets/Desert Buildings/Textures/Desert_Building_V2_AlbedoTransparency.png
  artifactKey: Guid(3b2baef91083fd04496d07d1c6777790) Importer(815301076,1909f56bfc062723c751e8b465ee728b)
Start importing Assets/Desert Buildings/Textures/Desert_Building_V2_AlbedoTransparency.png using Guid(3b2baef91083fd04496d07d1c6777790) Importer(815301076,1909f56bfc062723c751e8b465ee728b)  -> (artifact id: '4ccefa217882ed3ab0a0396b32d85998') in 0.026538 seconds 
========================================================================
Received Import Request.
  Time since last request: 0.000074 seconds.
  path: Assets/Desert Buildings/Textures/Desert_Building_V1_MetallicSmoothness.png
  artifactKey: Guid(fb50cdcd34369f94eabf323b361e7fa2) Importer(815301076,1909f56bfc062723c751e8b465ee728b)
Start importing Assets/Desert Buildings/Textures/Desert_Building_V1_MetallicSmoothness.png using Guid(fb50cdcd34369f94eabf323b361e7fa2) Importer(815301076,1909f56bfc062723c751e8b465ee728b)  -> (artifact id: 'f8e7d819ff9b19aaad1c23867b448897') in 0.033653 seconds 
========================================================================
Received Prepare
Registering precompiled user dll's ...
Registered in 0.002722 seconds.
Begin MonoManager ReloadAssembly
Symbol file LoadedFromMemory doesn't match image D:\Game Data\Army Simulation Program\Library\PackageCache\com.unity.visualscripting@1.7.8\Editor\VisualScripting.Core\Dependencies\YamlDotNet\Unity.VisualScripting.YamlDotNet.dll
Symbol file LoadedFromMemory doesn't match image D:\Game Data\Army Simulation Program\Library\PackageCache\com.unity.visualscripting@1.7.8\Editor\VisualScripting.Core\Dependencies\DotNetZip\Unity.VisualScripting.IonicZip.dll
Native extension for WindowsStandalone target not found
Native extension for iOS target not found
Native extension for Android target not found
Refreshing native plugins compatible for Editor in 1.40 ms, found 3 plugins.
Preloading 0 native plugins for Editor in 0.00 ms.
Mono: successfully reloaded assembly
- Completed reload, in  1.322 seconds
Domain Reload Profiling:
	ReloadAssembly (1323ms)
		BeginReloadAssembly (185ms)
			ExecutionOrderSort (0ms)
			DisableScriptedObjects (7ms)
			BackupInstance (0ms)
			ReleaseScriptingObjects (0ms)
			CreateAndSetChildDomain (67ms)
		EndReloadAssembly (1019ms)
			LoadAssemblies (119ms)
			RebuildTransferFunctionScriptingTraits (0ms)
			SetupTypeCache (370ms)
				TypeCache.Initialize (365ms)
					TypeCache.ScanAssembly (351ms)
				ResolveRequiredComponents (5ms)
			ReleaseScriptCaches (1ms)
			RebuildScriptCaches (57ms)
			SetupLoadedEditorAssemblies (417ms)
				LogAssemblyErrors (0ms)
				InitializePlatformSupportModulesInManaged (38ms)
				SetLoadedEditorAssemblies (9ms)
				RefreshPlugins (1ms)
				BeforeProcessingInitializeOnLoad (72ms)
				ProcessInitializeOnLoadAttributes (254ms)
				ProcessInitializeOnLoadMethodAttributes (36ms)
				AfterProcessingInitializeOnLoad (6ms)
				EditorAssembliesLoaded (0ms)
			ExecutionOrderSort2 (0ms)
			AwakeInstancesAfterBackupRestoration (7ms)
Platform modules already initialized, skipping
Refreshing native plugins compatible for Editor in 1.87 ms, found 3 plugins.
Preloading 0 native plugins for Editor in 0.00 ms.
Unloading 3383 Unused Serialized files (Serialized files now loaded: 0)
Unloading 19 unused Assets / (25.6 KB). Loaded Objects now: 3884.
Memory consumption went from 0.51 GB to 0.51 GB.
Total: 4.895000 ms (FindLiveObjects: 0.451000 ms CreateObjectMapping: 0.535700 ms MarkObjects: 3.876500 ms  DeleteObjects: 0.030300 ms)

AssetImportParameters requested are different than current active one (requested -> active):
  custom:video-decoder-ogg-theora: a1e56fd34408186e4bbccfd4996cb3dc -> 
  custom:container-muxer-webm: aa71ff27fc2769a1b78a27578f13a17b -> 
  custom:container-demuxer-webm: 4f35f7cbe854078d1ac9338744f61a02 -> 
  custom:video-encoder-webm-vp8: eb34c28f22e8b96e1ab97ce403110664 -> 
  custom:video-codec-MediaFoundation-h265: 746d11721c4dcdbdad8f713fa42b33f4 -> 
  custom:audio-encoder-webm-vorbis: bf7c407c2cedff20999df2af8eb42d56 -> 
  custom:framework-win-MediaFoundation: 216162199b28c13a410421893ffa2e32 -> 
  custom:container-demuxer-ogg: 62fdf1f143b41e24485cea50d1cbac27 -> 
  custom:video-decoder-webm-vp8: 9c59270c3fd7afecdb556c50c9e8de78 -> 
  custom:audio-decoder-ogg-vorbis: bf7c407c2cedff20999df2af8eb42d56 -> 
========================================================================
Received Prepare
Registering precompiled user dll's ...
Registered in 0.002617 seconds.
Begin MonoManager ReloadAssembly
Symbol file LoadedFromMemory doesn't match image D:\Game Data\Army Simulation Program\Library\PackageCache\com.unity.visualscripting@1.7.8\Editor\VisualScripting.Core\Dependencies\YamlDotNet\Unity.VisualScripting.YamlDotNet.dll
Symbol file LoadedFromMemory doesn't match image D:\Game Data\Army Simulation Program\Library\PackageCache\com.unity.visualscripting@1.7.8\Editor\VisualScripting.Core\Dependencies\DotNetZip\Unity.VisualScripting.IonicZip.dll
Native extension for WindowsStandalone target not found
Native extension for iOS target not found
Native extension for Android target not found
Refreshing native plugins compatible for Editor in 0.77 ms, found 3 plugins.
Preloading 0 native plugins for Editor in 0.00 ms.
Mono: successfully reloaded assembly
- Completed reload, in  1.068 seconds
Domain Reload Profiling:
	ReloadAssembly (1069ms)
		BeginReloadAssembly (116ms)
			ExecutionOrderSort (0ms)
			DisableScriptedObjects (6ms)
			BackupInstance (0ms)
			ReleaseScriptingObjects (0ms)
			CreateAndSetChildDomain (33ms)
		EndReloadAssembly (858ms)
			LoadAssemblies (82ms)
			RebuildTransferFunctionScriptingTraits (0ms)
			SetupTypeCache (275ms)
				TypeCache.Initialize (271ms)
					TypeCache.ScanAssembly (266ms)
				ResolveRequiredComponents (4ms)
			ReleaseScriptCaches (1ms)
			RebuildScriptCaches (57ms)
			SetupLoadedEditorAssemblies (375ms)
				LogAssemblyErrors (0ms)
				InitializePlatformSupportModulesInManaged (30ms)
				SetLoadedEditorAssemblies (10ms)
				RefreshPlugins (1ms)
				BeforeProcessingInitializeOnLoad (66ms)
				ProcessInitializeOnLoadAttributes (231ms)
				ProcessInitializeOnLoadMethodAttributes (32ms)
				AfterProcessingInitializeOnLoad (5ms)
				EditorAssembliesLoaded (0ms)
			ExecutionOrderSort2 (0ms)
			AwakeInstancesAfterBackupRestoration (7ms)
Platform modules already initialized, skipping
Refreshing native plugins compatible for Editor in 1.52 ms, found 3 plugins.
Preloading 0 native plugins for Editor in 0.00 ms.
Unloading 3384 Unused Serialized files (Serialized files now loaded: 0)
Unloading 19 unused Assets / (32.5 KB). Loaded Objects now: 3887.
Memory consumption went from 0.51 GB to 0.51 GB.
Total: 3.708700 ms (FindLiveObjects: 0.295800 ms CreateObjectMapping: 0.203700 ms MarkObjects: 3.184700 ms  DeleteObjects: 0.023200 ms)

AssetImportParameters requested are different than current active one (requested -> active):
  custom:video-decoder-ogg-theora: a1e56fd34408186e4bbccfd4996cb3dc -> 
  custom:container-muxer-webm: aa71ff27fc2769a1b78a27578f13a17b -> 
  custom:container-demuxer-webm: 4f35f7cbe854078d1ac9338744f61a02 -> 
  custom:video-encoder-webm-vp8: eb34c28f22e8b96e1ab97ce403110664 -> 
  custom:video-codec-MediaFoundation-h265: 746d11721c4dcdbdad8f713fa42b33f4 -> 
  custom:audio-encoder-webm-vorbis: bf7c407c2cedff20999df2af8eb42d56 -> 
  custom:framework-win-MediaFoundation: 216162199b28c13a410421893ffa2e32 -> 
  custom:container-demuxer-ogg: 62fdf1f143b41e24485cea50d1cbac27 -> 
  custom:video-decoder-webm-vp8: 9c59270c3fd7afecdb556c50c9e8de78 -> 
  custom:audio-decoder-ogg-vorbis: bf7c407c2cedff20999df2af8eb42d56 -> 
========================================================================
Received Prepare
Registering precompiled user dll's ...
Registered in 0.002789 seconds.
Begin MonoManager ReloadAssembly
Symbol file LoadedFromMemory doesn't match image D:\Game Data\Army Simulation Program\Library\PackageCache\com.unity.visualscripting@1.7.8\Editor\VisualScripting.Core\Dependencies\YamlDotNet\Unity.VisualScripting.YamlDotNet.dll
Symbol file LoadedFromMemory doesn't match image D:\Game Data\Army Simulation Program\Library\PackageCache\com.unity.visualscripting@1.7.8\Editor\VisualScripting.Core\Dependencies\DotNetZip\Unity.VisualScripting.IonicZip.dll
Native extension for WindowsStandalone target not found
Native extension for iOS target not found
Native extension for Android target not found
Refreshing native plugins compatible for Editor in 1.39 ms, found 3 plugins.
Preloading 0 native plugins for Editor in 0.00 ms.
Mono: successfully reloaded assembly
- Completed reload, in  1.149 seconds
Domain Reload Profiling:
	ReloadAssembly (1150ms)
		BeginReloadAssembly (123ms)
			ExecutionOrderSort (0ms)
			DisableScriptedObjects (8ms)
			BackupInstance (0ms)
			ReleaseScriptingObjects (0ms)
			CreateAndSetChildDomain (33ms)
		EndReloadAssembly (932ms)
			LoadAssemblies (81ms)
			RebuildTransferFunctionScriptingTraits (0ms)
			SetupTypeCache (343ms)
				TypeCache.Initialize (338ms)
					TypeCache.ScanAssembly (328ms)
				ResolveRequiredComponents (5ms)
			ReleaseScriptCaches (2ms)
			RebuildScriptCaches (53ms)
			SetupLoadedEditorAssemblies (378ms)
				LogAssemblyErrors (0ms)
				InitializePlatformSupportModulesInManaged (35ms)
				SetLoadedEditorAssemblies (7ms)
				RefreshPlugins (1ms)
				BeforeProcessingInitializeOnLoad (66ms)
				ProcessInitializeOnLoadAttributes (231ms)
				ProcessInitializeOnLoadMethodAttributes (32ms)
				AfterProcessingInitializeOnLoad (4ms)
				EditorAssembliesLoaded (0ms)
			ExecutionOrderSort2 (0ms)
			AwakeInstancesAfterBackupRestoration (6ms)
Platform modules already initialized, skipping
Refreshing native plugins compatible for Editor in 2.13 ms, found 3 plugins.
Preloading 0 native plugins for Editor in 0.00 ms.
Unloading 3384 Unused Serialized files (Serialized files now loaded: 0)
Unloading 19 unused Assets / (32.6 KB). Loaded Objects now: 3890.
Memory consumption went from 0.51 GB to 0.51 GB.
Total: 2.767500 ms (FindLiveObjects: 0.391200 ms CreateObjectMapping: 0.260000 ms MarkObjects: 2.095900 ms  DeleteObjects: 0.019300 ms)

AssetImportParameters requested are different than current active one (requested -> active):
  custom:video-decoder-ogg-theora: a1e56fd34408186e4bbccfd4996cb3dc -> 
  custom:container-muxer-webm: aa71ff27fc2769a1b78a27578f13a17b -> 
  custom:container-demuxer-webm: 4f35f7cbe854078d1ac9338744f61a02 -> 
  custom:video-encoder-webm-vp8: eb34c28f22e8b96e1ab97ce403110664 -> 
  custom:video-codec-MediaFoundation-h265: 746d11721c4dcdbdad8f713fa42b33f4 -> 
  custom:audio-encoder-webm-vorbis: bf7c407c2cedff20999df2af8eb42d56 -> 
  custom:framework-win-MediaFoundation: 216162199b28c13a410421893ffa2e32 -> 
  custom:container-demuxer-ogg: 62fdf1f143b41e24485cea50d1cbac27 -> 
  custom:video-decoder-webm-vp8: 9c59270c3fd7afecdb556c50c9e8de78 -> 
  custom:audio-decoder-ogg-vorbis: bf7c407c2cedff20999df2af8eb42d56 -> 
========================================================================
Received Prepare
Registering precompiled user dll's ...
Registered in 0.004081 seconds.
Begin MonoManager ReloadAssembly
Symbol file LoadedFromMemory doesn't match image D:\Game Data\Army Simulation Program\Library\PackageCache\com.unity.visualscripting@1.7.8\Editor\VisualScripting.Core\Dependencies\YamlDotNet\Unity.VisualScripting.YamlDotNet.dll
Symbol file LoadedFromMemory doesn't match image D:\Game Data\Army Simulation Program\Library\PackageCache\com.unity.visualscripting@1.7.8\Editor\VisualScripting.Core\Dependencies\DotNetZip\Unity.VisualScripting.IonicZip.dll
Native extension for WindowsStandalone target not found
Native extension for iOS target not found
Native extension for Android target not found
Refreshing native plugins compatible for Editor in 0.77 ms, found 3 plugins.
Preloading 0 native plugins for Editor in 0.00 ms.
Mono: successfully reloaded assembly
- Completed reload, in  1.359 seconds
Domain Reload Profiling:
	ReloadAssembly (1360ms)
		BeginReloadAssembly (142ms)
			ExecutionOrderSort (0ms)
			DisableScriptedObjects (5ms)
			BackupInstance (0ms)
			ReleaseScriptingObjects (0ms)
			CreateAndSetChildDomain (42ms)
		EndReloadAssembly (1079ms)
			LoadAssemblies (116ms)
			RebuildTransferFunctionScriptingTraits (0ms)
			SetupTypeCache (393ms)
				TypeCache.Initialize (388ms)
					TypeCache.ScanAssembly (375ms)
				ResolveRequiredComponents (5ms)
			ReleaseScriptCaches (1ms)
			RebuildScriptCaches (62ms)
			SetupLoadedEditorAssemblies (425ms)
				LogAssemblyErrors (0ms)
				InitializePlatformSupportModulesInManaged (40ms)
				SetLoadedEditorAssemblies (9ms)
				RefreshPlugins (1ms)
				BeforeProcessingInitializeOnLoad (72ms)
				ProcessInitializeOnLoadAttributes (262ms)
				ProcessInitializeOnLoadMethodAttributes (34ms)
				AfterProcessingInitializeOnLoad (7ms)
				EditorAssembliesLoaded (0ms)
			ExecutionOrderSort2 (0ms)
			AwakeInstancesAfterBackupRestoration (8ms)
Platform modules already initialized, skipping
Refreshing native plugins compatible for Editor in 1.72 ms, found 3 plugins.
Preloading 0 native plugins for Editor in 0.00 ms.
Unloading 3384 Unused Serialized files (Serialized files now loaded: 0)
Unloading 19 unused Assets / (32.6 KB). Loaded Objects now: 3893.
Memory consumption went from 0.51 GB to 0.51 GB.
Total: 4.419300 ms (FindLiveObjects: 0.342100 ms CreateObjectMapping: 0.464600 ms MarkObjects: 3.570300 ms  DeleteObjects: 0.040000 ms)

AssetImportParameters requested are different than current active one (requested -> active):
  custom:video-decoder-ogg-theora: a1e56fd34408186e4bbccfd4996cb3dc -> 
  custom:container-muxer-webm: aa71ff27fc2769a1b78a27578f13a17b -> 
  custom:container-demuxer-webm: 4f35f7cbe854078d1ac9338744f61a02 -> 
  custom:video-encoder-webm-vp8: eb34c28f22e8b96e1ab97ce403110664 -> 
  custom:video-codec-MediaFoundation-h265: 746d11721c4dcdbdad8f713fa42b33f4 -> 
  custom:audio-encoder-webm-vorbis: bf7c407c2cedff20999df2af8eb42d56 -> 
  custom:framework-win-MediaFoundation: 216162199b28c13a410421893ffa2e32 -> 
  custom:container-demuxer-ogg: 62fdf1f143b41e24485cea50d1cbac27 -> 
  custom:video-decoder-webm-vp8: 9c59270c3fd7afecdb556c50c9e8de78 -> 
  custom:audio-decoder-ogg-vorbis: bf7c407c2cedff20999df2af8eb42d56 -> 
